c:\users\shaon\source\repos\stellartonsolarturnkeysystem\debug\vc142.pdb
c:\users\shaon\source\repos\stellartonsolarturnkeysystem\debug\vc142.idb
c:\users\shaon\source\repos\stellartonsolarturnkeysystem\debug\updaterec.obj
c:\users\shaon\source\repos\stellartonsolarturnkeysystem\debug\ui.obj
c:\users\shaon\source\repos\stellartonsolarturnkeysystem\debug\tdpromandvardef.obj
c:\users\shaon\source\repos\stellartonsolarturnkeysystem\debug\seqread.obj
c:\users\shaon\source\repos\stellartonsolarturnkeysystem\debug\payduereminder.obj
c:\users\shaon\source\repos\stellartonsolarturnkeysystem\debug\orders.obj
c:\users\shaon\source\repos\stellartonsolarturnkeysystem\debug\makesales.obj
c:\users\shaon\source\repos\stellartonsolarturnkeysystem\debug\main.obj
c:\users\shaon\source\repos\stellartonsolarturnkeysystem\debug\iofile.obj
c:\users\shaon\source\repos\stellartonsolarturnkeysystem\debug\initialfiledaddr.obj
c:\users\shaon\source\repos\stellartonsolarturnkeysystem\debug\initial.obj
c:\users\shaon\source\repos\stellartonsolarturnkeysystem\debug\idaccess.obj
c:\users\shaon\source\repos\stellartonsolarturnkeysystem\debug\delrec.obj
c:\users\shaon\source\repos\stellartonsolarturnkeysystem\debug\date.obj
c:\users\shaon\source\repos\stellartonsolarturnkeysystem\debug\convfiletb.obj
c:\users\shaon\source\repos\stellartonsolarturnkeysystem\debug\cancalorder.obj
c:\users\shaon\source\repos\stellartonsolarturnkeysystem\debug\backuporder.obj
c:\users\shaon\source\repos\stellartonsolarturnkeysystem\debug\addnewrec.obj
c:\users\shaon\source\repos\stellartonsolarturnkeysystem\debug\stellartonsolarturnkeysystem.ilk
c:\users\shaon\source\repos\stellartonsolarturnkeysystem\debug\stellartonsolarturnkeysystem.exe
c:\users\shaon\source\repos\stellartonsolarturnkeysystem\debug\stellartonsolarturnkeysystem.pdb
c:\users\shaon\source\repos\stellartonsolarturnkeysystem\debug\stellart.61de5a7b.tlog\cl.command.1.tlog
c:\users\shaon\source\repos\stellartonsolarturnkeysystem\debug\stellart.61de5a7b.tlog\cl.read.1.tlog
c:\users\shaon\source\repos\stellartonsolarturnkeysystem\debug\stellart.61de5a7b.tlog\cl.write.1.tlog
c:\users\shaon\source\repos\stellartonsolarturnkeysystem\debug\stellart.61de5a7b.tlog\link.command.1.tlog
c:\users\shaon\source\repos\stellartonsolarturnkeysystem\debug\stellart.61de5a7b.tlog\link.read.1.tlog
c:\users\shaon\source\repos\stellartonsolarturnkeysystem\debug\stellart.61de5a7b.tlog\link.write.1.tlog
